<?xml version="1.0" encoding="UTF-8"?>
<!-- Generated by org.testng.reporters.JUnitXMLReporter -->
<testsuite ignored="0" hostname="DESKTOP-C6IBOPQ" failures="1" tests="1" name="Test" time="31.025" errors="0" timestamp="2024-05-02T17:21:30 IST">
  <testcase classname="com.AcharyaUniversity_ERP.Testcase.JobApplication_Univesity_Test" name="jobapplication" time="24.423">
    <failure type="java.lang.AssertionError" message="expected [37300] but found [2921.25]">
      <![CDATA[java.lang.AssertionError: expected [37300] but found [2921.25]
at com.AcharyaUniversity_ERP.Pageobject.JobApplicationPage_University.comnmethodtovalidatesalarybreakup(JobApplicationPage_University.java:740)
at com.AcharyaUniversity_ERP.Pageobject.JobApplicationPage_University.salaryBreakUp_validation(JobApplicationPage_University.java:510)
at com.AcharyaUniversity_ERP.Testcase.JobApplication_Univesity_Test.jobapplication(JobApplication_Univesity_Test.java:51)
at java.base/java.util.ArrayList.forEach(ArrayList.java:1511)
... Removed 33 stack frames]]>
    </failure>
  </testcase> <!-- jobapplication -->
</testsuite> <!-- Test -->
