<?xml version="1.0" encoding="UTF-8"?>
<testng-results ignored="0" total="1" passed="1" failed="0" skipped="0">
  <reporter-output>
  </reporter-output>
  <suite started-at="2024-05-03T17:24:51 IST" name="Suite" finished-at="2024-05-03T17:25:11 IST" duration-ms="20846">
    <groups>
    </groups>
    <test started-at="2024-05-03T17:24:51 IST" name="Test" finished-at="2024-05-03T17:25:11 IST" duration-ms="20846">
      <class name="com.AcharyaUniversity_ERP.Testcase.JobApplication_Univesity_Test">
        <test-method is-config="true" signature="setup(java.lang.String)[pri:0, instance:com.AcharyaUniversity_ERP.Testcase.JobApplication_Univesity_Test@79924b]" started-at="2024-05-03T17:24:51 IST" name="setup" finished-at="2024-05-03T17:24:58 IST" duration-ms="6674" status="PASS">
          <params>
            <param index="0">
              <value>
                <![CDATA[chrome]]>
              </value>
            </param>
          </params>
          <reporter-output>
          </reporter-output>
        </test-method> <!-- setup -->
        <test-method signature="jobapplication()[pri:0, instance:com.AcharyaUniversity_ERP.Testcase.JobApplication_Univesity_Test@79924b]" started-at="2024-05-03T17:24:58 IST" name="jobapplication" finished-at="2024-05-03T17:25:11 IST" duration-ms="13738" status="PASS">
          <reporter-output>
          </reporter-output>
        </test-method> <!-- jobapplication -->
        <test-method is-config="true" signature="teardown()[pri:0, instance:com.AcharyaUniversity_ERP.Testcase.JobApplication_Univesity_Test@79924b]" started-at="2024-05-03T17:25:11 IST" name="teardown" finished-at="2024-05-03T17:25:11 IST" duration-ms="0" status="PASS">
          <reporter-output>
          </reporter-output>
        </test-method> <!-- teardown -->
      </class> <!-- com.AcharyaUniversity_ERP.Testcase.JobApplication_Univesity_Test -->
    </test> <!-- Test -->
  </suite> <!-- Suite -->
</testng-results>
